000 (10072949.000.000) 2025-10-30 17:17:10 Job submitted from host: <10.0.8.14:9618?addrs=10.0.8.14-9618&alias=head2.htc.inm7.de&noUDP&sock=schedd_6415_bc22>
...
001 (10072949.000.000) 2025-10-30 17:17:10 Job executing on host: <10.0.9.43:9618?addrs=10.0.9.43-9618&alias=cpu43.htc.inm7.de&noUDP&sock=startd_4240_dda5>
...
006 (10072949.000.000) 2025-10-30 17:17:19 Image size of job updated: 683336
	301  -  MemoryUsage of job (MB)
	307388  -  ResidentSetSize of job (KB)
...
006 (10072949.000.000) 2025-10-30 17:22:20 Image size of job updated: 3417644
	1450  -  MemoryUsage of job (MB)
	1483888  -  ResidentSetSize of job (KB)
...
006 (10072949.000.000) 2025-10-30 17:27:21 Image size of job updated: 3615468
	1804  -  MemoryUsage of job (MB)
	1847160  -  ResidentSetSize of job (KB)
...
005 (10072949.000.000) 2025-10-30 17:27:33 Job terminated.
	(1) Normal termination (return value 0)
		Usr 0 00:23:29, Sys 0 00:11:58  -  Run Remote Usage
		Usr 0 00:00:00, Sys 0 00:00:00  -  Run Local Usage
		Usr 0 00:23:29, Sys 0 00:11:58  -  Total Remote Usage
		Usr 0 00:00:00, Sys 0 00:00:00  -  Total Local Usage
	0  -  Run Bytes Sent By Job
	0  -  Run Bytes Received By Job
	0  -  Total Bytes Sent By Job
	0  -  Total Bytes Received By Job
	Partitionable Resources :    Usage  Request Allocated 
	   Cpus                 :     3.34        4         4 
	   Disk (KB)            :     2    20971520  49659019 
	   Memory (MB)          :  1804       12288     12288 

	Job terminated of its own accord at 2025-10-30T16:27:33Z with exit-code 0.
...
