000 (10075087.000.000) 2025-10-30 22:37:34 Job submitted from host: <10.0.8.14:9618?addrs=10.0.8.14-9618&alias=head2.htc.inm7.de&noUDP&sock=schedd_6415_bc22>
...
001 (10075087.000.000) 2025-10-30 22:37:34 Job executing on host: <10.0.9.43:9618?addrs=10.0.9.43-9618&alias=cpu43.htc.inm7.de&noUDP&sock=startd_4240_dda5>
...
006 (10075087.000.000) 2025-10-30 22:37:42 Image size of job updated: 2
	6  -  MemoryUsage of job (MB)
	5664  -  ResidentSetSize of job (KB)
...
006 (10075087.000.000) 2025-10-30 22:38:12 Image size of job updated: 3292216
	986  -  MemoryUsage of job (MB)
	1008960  -  ResidentSetSize of job (KB)
...
005 (10075087.000.000) 2025-10-30 22:38:12 Job terminated.
	(1) Normal termination (return value 0)
		Usr 0 00:01:20, Sys 0 00:00:29  -  Run Remote Usage
		Usr 0 00:00:00, Sys 0 00:00:00  -  Run Local Usage
		Usr 0 00:01:20, Sys 0 00:00:29  -  Total Remote Usage
		Usr 0 00:00:00, Sys 0 00:00:00  -  Total Local Usage
	0  -  Run Bytes Sent By Job
	0  -  Run Bytes Received By Job
	0  -  Total Bytes Sent By Job
	0  -  Total Bytes Received By Job
	Partitionable Resources :    Usage  Request Allocated 
	   Cpus                 :                 4         4 
	   Disk (KB)            :        2 20971520  49659019 
	   Memory (MB)          :      986    12288     12288 

	Job terminated of its own accord at 2025-10-30T21:38:12Z with exit-code 0.
...
